<?xml version="1.0" encoding="UTF-8" ?>
<testsuite failures="0" time="0.054" errors="0" skipped="0" tests="1" name="com.gapelia.core.AppTest">
  <properties>
    <property name="java.runtime.name" value="Java(TM) SE Runtime Environment"/>
    <property name="sun.boot.library.path" value="c:\Program Files\Java\jdk1.7.0_45\jre\bin"/>
    <property name="java.vm.version" value="24.45-b08"/>
    <property name="java.vm.vendor" value="Oracle Corporation"/>
    <property name="java.vendor.url" value="http://java.oracle.com/"/>
    <property name="path.separator" value=";"/>
    <property name="java.vm.name" value="Java HotSpot(TM) 64-Bit Server VM"/>
    <property name="file.encoding.pkg" value="sun.io"/>
    <property name="user.script" value=""/>
    <property name="user.country" value="US"/>
    <property name="sun.java.launcher" value="SUN_STANDARD"/>
    <property name="sun.os.patch.level" value=""/>
    <property name="java.vm.specification.name" value="Java Virtual Machine Specification"/>
    <property name="user.dir" value="c:\Users\Paul Webb\Desktop\Projects\stage1 (dragon)\stage1\gapelia-core"/>
    <property name="java.runtime.version" value="1.7.0_45-b18"/>
    <property name="java.awt.graphicsenv" value="sun.awt.Win32GraphicsEnvironment"/>
    <property name="basedir" value="c:\Users\Paul Webb\Desktop\Projects\stage1 (dragon)\stage1\gapelia-core"/>
    <property name="java.endorsed.dirs" value="c:\Program Files\Java\jdk1.7.0_45\jre\lib\endorsed"/>
    <property name="os.arch" value="amd64"/>
    <property name="surefire.real.class.path" value="C:\Users\PAULWE~1\AppData\Local\Temp\surefirebooter2544098543585125738.jar"/>
    <property name="java.io.tmpdir" value="C:\Users\PAULWE~1\AppData\Local\Temp\"/>
    <property name="line.separator" value="
"/>
    <property name="java.vm.specification.vendor" value="Oracle Corporation"/>
    <property name="user.variant" value=""/>
    <property name="os.name" value="Windows 8"/>
    <property name="sun.jnu.encoding" value="Cp1252"/>
    <property name="java.library.path" value="c:\Program Files\Java\jdk1.7.0_45\jre\bin;C:\WINDOWS\Sun\Java\bin;C:\WINDOWS\system32;C:\WINDOWS;c:\Users\Paul Webb\bin;.;C:\Program Files (x86)\Git\local\bin;C:\Program Files (x86)\Git\mingw\bin;C:\Program Files (x86)\Git\bin;c:\Program Files (x86)\NVIDIA Corporation\PhysX\Common;c:\Program Files (x86)\Intel\iCLS Client\;c:\Program Files\Intel\iCLS Client\;c:\WINDOWS\system32;c:\WINDOWS;c:\WINDOWS\System32\Wbem;c:\WINDOWS\System32\WindowsPowerShell\v1.0\;c:\Program Files\Condusiv Technologies\ExpressCache\;c:\Python27;c:\Python27\Scripts;C:\Program Files (x86)\Git\cmd;c:\Program Files (x86)\gdipp\;c:\Program Files\Intel\Intel(R) Management Engine Components\DAL;c:\Program Files\Intel\Intel(R) Management Engine Components\IPT;c:\Program Files (x86)\Intel\Intel(R) Management Engine Components\DAL;c:\Program Files (x86)\Intel\Intel(R) Management Engine Components\IPT;c:\Program Files (x86)\Intel\OpenCL SDK\3.0\bin\x86;c:\Program Files (x86)\Intel\OpenCL SDK\3.0\bin\x64;c:\Program Files (x86)\QuickTime\QTSystem;c:\Program Files\Java\jdk1.7.0_45\bin;c:\Program Files\Apache Software Foundation\apache-maven-2.0.11\bin;%JAVA_HOME%\bin;c:\DevKit;c:\Program Files\Intel\WiFi\bin\;c:\Program Files\Common Files\Intel\WirelessCommon\;c:\Ruby193\bin;c:\Program Files\Intel\WiFi\bin\;c:\Program Files\Common Files\Intel\WirelessCommon;c:\Program Files\Java\jdk1.7.0_45\bin;c:\Program Files\Apache Software Foundation\apache-maven-2.0.11\bin;c:\Program Files\Java\jdk1.7.0_45\bin;c:\DevKit;c:\Program Files\Intel\WiFi\bin\;c:\Program Files\Common Files\Intel\WirelessCommon\;."/>
    <property name="surefire.test.class.path" value="c:\Users\Paul Webb\Desktop\Projects\stage1 (dragon)\stage1\gapelia-core\target\test-classes;c:\Users\Paul Webb\Desktop\Projects\stage1 (dragon)\stage1\gapelia-core\target\classes;C:\Users\Paul Webb\.m2\repository\org\apache\solr\solr-solrj\3.1.0\solr-solrj-3.1.0.jar;C:\Users\Paul Webb\.m2\repository\org\apache\lucene\lucene-core\3.5.0\lucene-core-3.5.0.jar;C:\Users\Paul Webb\.m2\repository\commons-httpclient\commons-httpclient\3.1\commons-httpclient-3.1.jar;C:\Users\Paul Webb\.m2\repository\commons-logging\commons-logging\1.1.1\commons-logging-1.1.1.jar;C:\Users\Paul Webb\.m2\repository\commons-codec\commons-codec\1.6\commons-codec-1.6.jar;C:\Users\Paul Webb\.m2\repository\commons-io\commons-io\1.4\commons-io-1.4.jar;C:\Users\Paul Webb\.m2\repository\org\apache\geronimo\specs\geronimo-stax-api_1.0_spec\1.0.1\geronimo-stax-api_1.0_spec-1.0.1.jar;C:\Users\Paul Webb\.m2\repository\org\apache\zookeeper\zookeeper\3.3.1\zookeeper-3.3.1.jar;C:\Users\Paul Webb\.m2\repository\log4j\log4j\1.2.15\log4j-1.2.15.jar;C:\Users\Paul Webb\.m2\repository\jline\jline\0.9.94\jline-0.9.94.jar;C:\Users\Paul Webb\.m2\repository\junit\junit\3.8.1\junit-3.8.1.jar;C:\Users\Paul Webb\.m2\repository\org\codehaus\woodstox\wstx-asl\3.2.7\wstx-asl-3.2.7.jar;C:\Users\Paul Webb\.m2\repository\stax\stax-api\1.0.1\stax-api-1.0.1.jar;C:\Users\Paul Webb\.m2\repository\org\slf4j\slf4j-api\1.5.5\slf4j-api-1.5.5.jar;C:\Users\Paul Webb\.m2\repository\commons-lang\commons-lang\2.3\commons-lang-2.3.jar;C:\Users\Paul Webb\.m2\repository\org\slf4j\slf4j-log4j12\1.5.2\slf4j-log4j12-1.5.2.jar;C:\Users\Paul Webb\.m2\repository\com\sun\jersey\jersey-core\1.13\jersey-core-1.13.jar;C:\Users\Paul Webb\.m2\repository\com\sun\jersey\jersey-server\1.13\jersey-server-1.13.jar;C:\Users\Paul Webb\.m2\repository\asm\asm\3.1\asm-3.1.jar;C:\Users\Paul Webb\.m2\repository\com\sun\jersey\jersey-client\1.13\jersey-client-1.13.jar;C:\Users\Paul Webb\.m2\repository\com\sun\jersey\jersey-servlet\1.13\jersey-servlet-1.13.jar;C:\Users\Paul Webb\.m2\repository\org\apache\httpcomponents\httpclient\4.2.1\httpclient-4.2.1.jar;C:\Users\Paul Webb\.m2\repository\org\apache\httpcomponents\httpcore\4.2.1\httpcore-4.2.1.jar;C:\Users\Paul Webb\.m2\repository\javax\servlet\servlet-api\2.5\servlet-api-2.5.jar;C:\Users\Paul Webb\.m2\repository\com\google\code\gson\gson\2.2.2\gson-2.2.2.jar;C:\Users\Paul Webb\.m2\repository\org\tuckey\urlrewritefilter\4.0.3\urlrewritefilter-4.0.3.jar;"/>
    <property name="java.specification.name" value="Java Platform API Specification"/>
    <property name="java.class.version" value="51.0"/>
    <property name="sun.management.compiler" value="HotSpot 64-Bit Tiered Compilers"/>
    <property name="os.version" value="6.2"/>
    <property name="user.home" value="C:\Users\Paul Webb"/>
    <property name="user.timezone" value=""/>
    <property name="java.awt.printerjob" value="sun.awt.windows.WPrinterJob"/>
    <property name="java.specification.version" value="1.7"/>
    <property name="file.encoding" value="Cp1252"/>
    <property name="user.name" value="Paul Webb"/>
    <property name="java.class.path" value="c:\Users\Paul Webb\Desktop\Projects\stage1 (dragon)\stage1\gapelia-core\target\test-classes;c:\Users\Paul Webb\Desktop\Projects\stage1 (dragon)\stage1\gapelia-core\target\classes;C:\Users\Paul Webb\.m2\repository\org\apache\solr\solr-solrj\3.1.0\solr-solrj-3.1.0.jar;C:\Users\Paul Webb\.m2\repository\org\apache\lucene\lucene-core\3.5.0\lucene-core-3.5.0.jar;C:\Users\Paul Webb\.m2\repository\commons-httpclient\commons-httpclient\3.1\commons-httpclient-3.1.jar;C:\Users\Paul Webb\.m2\repository\commons-logging\commons-logging\1.1.1\commons-logging-1.1.1.jar;C:\Users\Paul Webb\.m2\repository\commons-codec\commons-codec\1.6\commons-codec-1.6.jar;C:\Users\Paul Webb\.m2\repository\commons-io\commons-io\1.4\commons-io-1.4.jar;C:\Users\Paul Webb\.m2\repository\org\apache\geronimo\specs\geronimo-stax-api_1.0_spec\1.0.1\geronimo-stax-api_1.0_spec-1.0.1.jar;C:\Users\Paul Webb\.m2\repository\org\apache\zookeeper\zookeeper\3.3.1\zookeeper-3.3.1.jar;C:\Users\Paul Webb\.m2\repository\log4j\log4j\1.2.15\log4j-1.2.15.jar;C:\Users\Paul Webb\.m2\repository\jline\jline\0.9.94\jline-0.9.94.jar;C:\Users\Paul Webb\.m2\repository\junit\junit\3.8.1\junit-3.8.1.jar;C:\Users\Paul Webb\.m2\repository\org\codehaus\woodstox\wstx-asl\3.2.7\wstx-asl-3.2.7.jar;C:\Users\Paul Webb\.m2\repository\stax\stax-api\1.0.1\stax-api-1.0.1.jar;C:\Users\Paul Webb\.m2\repository\org\slf4j\slf4j-api\1.5.5\slf4j-api-1.5.5.jar;C:\Users\Paul Webb\.m2\repository\commons-lang\commons-lang\2.3\commons-lang-2.3.jar;C:\Users\Paul Webb\.m2\repository\org\slf4j\slf4j-log4j12\1.5.2\slf4j-log4j12-1.5.2.jar;C:\Users\Paul Webb\.m2\repository\com\sun\jersey\jersey-core\1.13\jersey-core-1.13.jar;C:\Users\Paul Webb\.m2\repository\com\sun\jersey\jersey-server\1.13\jersey-server-1.13.jar;C:\Users\Paul Webb\.m2\repository\asm\asm\3.1\asm-3.1.jar;C:\Users\Paul Webb\.m2\repository\com\sun\jersey\jersey-client\1.13\jersey-client-1.13.jar;C:\Users\Paul Webb\.m2\repository\com\sun\jersey\jersey-servlet\1.13\jersey-servlet-1.13.jar;C:\Users\Paul Webb\.m2\repository\org\apache\httpcomponents\httpclient\4.2.1\httpclient-4.2.1.jar;C:\Users\Paul Webb\.m2\repository\org\apache\httpcomponents\httpcore\4.2.1\httpcore-4.2.1.jar;C:\Users\Paul Webb\.m2\repository\javax\servlet\servlet-api\2.5\servlet-api-2.5.jar;C:\Users\Paul Webb\.m2\repository\com\google\code\gson\gson\2.2.2\gson-2.2.2.jar;C:\Users\Paul Webb\.m2\repository\org\tuckey\urlrewritefilter\4.0.3\urlrewritefilter-4.0.3.jar;"/>
    <property name="java.vm.specification.version" value="1.7"/>
    <property name="sun.arch.data.model" value="64"/>
    <property name="java.home" value="c:\Program Files\Java\jdk1.7.0_45\jre"/>
    <property name="sun.java.command" value="C:\Users\PAULWE~1\AppData\Local\Temp\surefirebooter2544098543585125738.jar C:\Users\PAULWE~1\AppData\Local\Temp\surefire7466054631819907619tmp C:\Users\PAULWE~1\AppData\Local\Temp\surefire1346528314772262715tmp"/>
    <property name="java.specification.vendor" value="Oracle Corporation"/>
    <property name="user.language" value="en"/>
    <property name="awt.toolkit" value="sun.awt.windows.WToolkit"/>
    <property name="java.vm.info" value="mixed mode"/>
    <property name="java.version" value="1.7.0_45"/>
    <property name="java.ext.dirs" value="c:\Program Files\Java\jdk1.7.0_45\jre\lib\ext;C:\WINDOWS\Sun\Java\lib\ext"/>
    <property name="sun.boot.class.path" value="c:\Program Files\Java\jdk1.7.0_45\jre\lib\resources.jar;c:\Program Files\Java\jdk1.7.0_45\jre\lib\rt.jar;c:\Program Files\Java\jdk1.7.0_45\jre\lib\sunrsasign.jar;c:\Program Files\Java\jdk1.7.0_45\jre\lib\jsse.jar;c:\Program Files\Java\jdk1.7.0_45\jre\lib\jce.jar;c:\Program Files\Java\jdk1.7.0_45\jre\lib\charsets.jar;c:\Program Files\Java\jdk1.7.0_45\jre\lib\jfr.jar;c:\Program Files\Java\jdk1.7.0_45\jre\classes"/>
    <property name="java.vendor" value="Oracle Corporation"/>
    <property name="localRepository" value="C:\Users\Paul Webb\.m2\repository"/>
    <property name="file.separator" value="\"/>
    <property name="java.vendor.url.bug" value="http://bugreport.sun.com/bugreport/"/>
    <property name="sun.cpu.endian" value="little"/>
    <property name="sun.io.unicode.encoding" value="UnicodeLittle"/>
    <property name="sun.desktop" value="windows"/>
    <property name="sun.cpu.isalist" value="amd64"/>
  </properties>
  <testcase time="0.004" classname="com.gapelia.core.AppTest" name="testApp"/>
</testsuite>