<?xml version="1.0" encoding="UTF-8" ?>
<testsuite failures="0" time="0.014" errors="0" skipped="0" tests="1" name="com.gapelia.core.AppTest">
  <properties>
    <property name="java.runtime.name" value="Java(TM) SE Runtime Environment"/>
    <property name="sun.boot.library.path" value="/System/Library/Java/JavaVirtualMachines/1.6.0.jdk/Contents/Libraries"/>
    <property name="java.vm.version" value="20.51-b01-457"/>
    <property name="awt.nativeDoubleBuffering" value="true"/>
    <property name="gopherProxySet" value="false"/>
    <property name="mrj.build" value="11M4509"/>
    <property name="java.vm.vendor" value="Apple Inc."/>
    <property name="java.vendor.url" value="http://www.apple.com/"/>
    <property name="path.separator" value=":"/>
    <property name="java.vm.name" value="Java HotSpot(TM) 64-Bit Server VM"/>
    <property name="file.encoding.pkg" value="sun.io"/>
    <property name="user.country" value="US"/>
    <property name="sun.java.launcher" value="SUN_STANDARD"/>
    <property name="sun.os.patch.level" value="unknown"/>
    <property name="java.vm.specification.name" value="Java Virtual Machine Specification"/>
    <property name="user.dir" value="/Users/abhishektiwari/Work/Gapelia/stage1/gapelia-core"/>
    <property name="java.runtime.version" value="1.6.0_51-b11-457-11M4509"/>
    <property name="java.awt.graphicsenv" value="apple.awt.CGraphicsEnvironment"/>
    <property name="basedir" value="/Users/abhishektiwari/Work/Gapelia/stage1/gapelia-core"/>
    <property name="java.endorsed.dirs" value="/System/Library/Java/JavaVirtualMachines/1.6.0.jdk/Contents/Home/lib/endorsed"/>
    <property name="os.arch" value="x86_64"/>
    <property name="surefire.real.class.path" value="/Users/abhishektiwari/Work/Gapelia/stage1/gapelia-core/target/surefire/surefirebooter6955088583130191210.jar"/>
    <property name="java.io.tmpdir" value="/var/folders/lx/vtvvvbbs7lgbqqhqqncljdc40000gn/T/"/>
    <property name="line.separator" value="
"/>
    <property name="java.vm.specification.vendor" value="Sun Microsystems Inc."/>
    <property name="os.name" value="Mac OS X"/>
    <property name="sun.jnu.encoding" value="MacRoman"/>
    <property name="java.library.path" value=".:/Library/Java/Extensions:/System/Library/Java/Extensions:/usr/lib/java"/>
    <property name="surefire.test.class.path" value="/Users/abhishektiwari/Work/Gapelia/stage1/gapelia-core/target/test-classes:/Users/abhishektiwari/Work/Gapelia/stage1/gapelia-core/target/classes:/Users/abhishektiwari/.m2/repository/org/apache/solr/solr-solrj/3.1.0/solr-solrj-3.1.0.jar:/Users/abhishektiwari/.m2/repository/commons-httpclient/commons-httpclient/3.1/commons-httpclient-3.1.jar:/Users/abhishektiwari/.m2/repository/commons-io/commons-io/1.4/commons-io-1.4.jar:/Users/abhishektiwari/.m2/repository/org/apache/geronimo/specs/geronimo-stax-api_1.0_spec/1.0.1/geronimo-stax-api_1.0_spec-1.0.1.jar:/Users/abhishektiwari/.m2/repository/org/apache/zookeeper/zookeeper/3.3.1/zookeeper-3.3.1.jar:/Users/abhishektiwari/.m2/repository/jline/jline/0.9.94/jline-0.9.94.jar:/Users/abhishektiwari/.m2/repository/org/codehaus/woodstox/wstx-asl/3.2.7/wstx-asl-3.2.7.jar:/Users/abhishektiwari/.m2/repository/stax/stax-api/1.0.1/stax-api-1.0.1.jar:/Users/abhishektiwari/.m2/repository/org/slf4j/slf4j-api/1.5.5/slf4j-api-1.5.5.jar:/Users/abhishektiwari/.m2/repository/org/apache/lucene/lucene-core/3.5.0/lucene-core-3.5.0.jar:/Users/abhishektiwari/.m2/repository/commons-lang/commons-lang/2.3/commons-lang-2.3.jar:/Users/abhishektiwari/.m2/repository/org/slf4j/slf4j-log4j12/1.5.2/slf4j-log4j12-1.5.2.jar:/Users/abhishektiwari/.m2/repository/junit/junit/3.8.1/junit-3.8.1.jar:/Users/abhishektiwari/.m2/repository/log4j/log4j/1.2.15/log4j-1.2.15.jar:/Users/abhishektiwari/.m2/repository/com/sun/jersey/jersey-core/1.13-SNAPSHOT/jersey-core-1.13-SNAPSHOT.jar:/Users/abhishektiwari/.m2/repository/com/sun/jersey/jersey-server/1.13-SNAPSHOT/jersey-server-1.13-SNAPSHOT.jar:/Users/abhishektiwari/.m2/repository/asm/asm/3.1/asm-3.1.jar:/Users/abhishektiwari/.m2/repository/com/sun/jersey/jersey-client/1.13-SNAPSHOT/jersey-client-1.13-SNAPSHOT.jar:/Users/abhishektiwari/.m2/repository/com/sun/jersey/jersey-servlet/1.13-SNAPSHOT/jersey-servlet-1.13-SNAPSHOT.jar:/Users/abhishektiwari/.m2/repository/org/apache/httpcomponents/httpclient/4.2.1/httpclient-4.2.1.jar:/Users/abhishektiwari/.m2/repository/org/apache/httpcomponents/httpcore/4.2.1/httpcore-4.2.1.jar:/Users/abhishektiwari/.m2/repository/commons-logging/commons-logging/1.1.1/commons-logging-1.1.1.jar:/Users/abhishektiwari/.m2/repository/commons-codec/commons-codec/1.6/commons-codec-1.6.jar:/Users/abhishektiwari/.m2/repository/javax/servlet/servlet-api/2.5/servlet-api-2.5.jar:/Users/abhishektiwari/.m2/repository/com/google/code/gson/gson/2.2.2/gson-2.2.2.jar:/Users/abhishektiwari/.m2/repository/org/tuckey/urlrewritefilter/4.0.3/urlrewritefilter-4.0.3.jar:"/>
    <property name="java.specification.name" value="Java Platform API Specification"/>
    <property name="java.class.version" value="50.0"/>
    <property name="sun.management.compiler" value="HotSpot 64-Bit Tiered Compilers"/>
    <property name="os.version" value="10.8.5"/>
    <property name="http.nonProxyHosts" value="local|*.local|169.254/16|*.169.254/16"/>
    <property name="user.home" value="/Users/abhishektiwari"/>
    <property name="user.timezone" value=""/>
    <property name="java.awt.printerjob" value="apple.awt.CPrinterJob"/>
    <property name="java.specification.version" value="1.6"/>
    <property name="file.encoding" value="MacRoman"/>
    <property name="user.name" value="abhishektiwari"/>
    <property name="java.class.path" value="/Users/abhishektiwari/Work/Gapelia/stage1/gapelia-core/target/test-classes:/Users/abhishektiwari/Work/Gapelia/stage1/gapelia-core/target/classes:/Users/abhishektiwari/.m2/repository/org/apache/solr/solr-solrj/3.1.0/solr-solrj-3.1.0.jar:/Users/abhishektiwari/.m2/repository/commons-httpclient/commons-httpclient/3.1/commons-httpclient-3.1.jar:/Users/abhishektiwari/.m2/repository/commons-io/commons-io/1.4/commons-io-1.4.jar:/Users/abhishektiwari/.m2/repository/org/apache/geronimo/specs/geronimo-stax-api_1.0_spec/1.0.1/geronimo-stax-api_1.0_spec-1.0.1.jar:/Users/abhishektiwari/.m2/repository/org/apache/zookeeper/zookeeper/3.3.1/zookeeper-3.3.1.jar:/Users/abhishektiwari/.m2/repository/jline/jline/0.9.94/jline-0.9.94.jar:/Users/abhishektiwari/.m2/repository/org/codehaus/woodstox/wstx-asl/3.2.7/wstx-asl-3.2.7.jar:/Users/abhishektiwari/.m2/repository/stax/stax-api/1.0.1/stax-api-1.0.1.jar:/Users/abhishektiwari/.m2/repository/org/slf4j/slf4j-api/1.5.5/slf4j-api-1.5.5.jar:/Users/abhishektiwari/.m2/repository/org/apache/lucene/lucene-core/3.5.0/lucene-core-3.5.0.jar:/Users/abhishektiwari/.m2/repository/commons-lang/commons-lang/2.3/commons-lang-2.3.jar:/Users/abhishektiwari/.m2/repository/org/slf4j/slf4j-log4j12/1.5.2/slf4j-log4j12-1.5.2.jar:/Users/abhishektiwari/.m2/repository/junit/junit/3.8.1/junit-3.8.1.jar:/Users/abhishektiwari/.m2/repository/log4j/log4j/1.2.15/log4j-1.2.15.jar:/Users/abhishektiwari/.m2/repository/com/sun/jersey/jersey-core/1.13-SNAPSHOT/jersey-core-1.13-SNAPSHOT.jar:/Users/abhishektiwari/.m2/repository/com/sun/jersey/jersey-server/1.13-SNAPSHOT/jersey-server-1.13-SNAPSHOT.jar:/Users/abhishektiwari/.m2/repository/asm/asm/3.1/asm-3.1.jar:/Users/abhishektiwari/.m2/repository/com/sun/jersey/jersey-client/1.13-SNAPSHOT/jersey-client-1.13-SNAPSHOT.jar:/Users/abhishektiwari/.m2/repository/com/sun/jersey/jersey-servlet/1.13-SNAPSHOT/jersey-servlet-1.13-SNAPSHOT.jar:/Users/abhishektiwari/.m2/repository/org/apache/httpcomponents/httpclient/4.2.1/httpclient-4.2.1.jar:/Users/abhishektiwari/.m2/repository/org/apache/httpcomponents/httpcore/4.2.1/httpcore-4.2.1.jar:/Users/abhishektiwari/.m2/repository/commons-logging/commons-logging/1.1.1/commons-logging-1.1.1.jar:/Users/abhishektiwari/.m2/repository/commons-codec/commons-codec/1.6/commons-codec-1.6.jar:/Users/abhishektiwari/.m2/repository/javax/servlet/servlet-api/2.5/servlet-api-2.5.jar:/Users/abhishektiwari/.m2/repository/com/google/code/gson/gson/2.2.2/gson-2.2.2.jar:/Users/abhishektiwari/.m2/repository/org/tuckey/urlrewritefilter/4.0.3/urlrewritefilter-4.0.3.jar:"/>
    <property name="java.vm.specification.version" value="1.0"/>
    <property name="sun.arch.data.model" value="64"/>
    <property name="java.home" value="/System/Library/Java/JavaVirtualMachines/1.6.0.jdk/Contents/Home"/>
    <property name="sun.java.command" value="/Users/abhishektiwari/Work/Gapelia/stage1/gapelia-core/target/surefire/surefirebooter6955088583130191210.jar /Users/abhishektiwari/Work/Gapelia/stage1/gapelia-core/target/surefire/surefire770216999759747182tmp /Users/abhishektiwari/Work/Gapelia/stage1/gapelia-core/target/surefire/surefire2230962131742506394tmp"/>
    <property name="java.specification.vendor" value="Sun Microsystems Inc."/>
    <property name="user.language" value="en"/>
    <property name="awt.toolkit" value="apple.awt.CToolkit"/>
    <property name="java.vm.info" value="mixed mode"/>
    <property name="java.version" value="1.6.0_51"/>
    <property name="java.ext.dirs" value="/Library/Java/Extensions:/System/Library/Java/Extensions:/System/Library/Java/JavaVirtualMachines/1.6.0.jdk/Contents/Home/lib/ext"/>
    <property name="sun.boot.class.path" value="/System/Library/Java/JavaVirtualMachines/1.6.0.jdk/Contents/Classes/jsfd.jar:/System/Library/Java/JavaVirtualMachines/1.6.0.jdk/Contents/Classes/classes.jar:/System/Library/Frameworks/JavaVM.framework/Frameworks/JavaRuntimeSupport.framework/Resources/Java/JavaRuntimeSupport.jar:/System/Library/Java/JavaVirtualMachines/1.6.0.jdk/Contents/Classes/ui.jar:/System/Library/Java/JavaVirtualMachines/1.6.0.jdk/Contents/Classes/laf.jar:/System/Library/Java/JavaVirtualMachines/1.6.0.jdk/Contents/Classes/sunrsasign.jar:/System/Library/Java/JavaVirtualMachines/1.6.0.jdk/Contents/Classes/jsse.jar:/System/Library/Java/JavaVirtualMachines/1.6.0.jdk/Contents/Classes/jce.jar:/System/Library/Java/JavaVirtualMachines/1.6.0.jdk/Contents/Classes/charsets.jar"/>
    <property name="java.vendor" value="Apple Inc."/>
    <property name="localRepository" value="/Users/abhishektiwari/.m2/repository"/>
    <property name="file.separator" value="/"/>
    <property name="java.vendor.url.bug" value="http://bugreport.apple.com/"/>
    <property name="sun.cpu.endian" value="little"/>
    <property name="sun.io.unicode.encoding" value="UnicodeLittle"/>
    <property name="mrj.version" value="1070.1.6.0_51-457"/>
    <property name="socksNonProxyHosts" value="local|*.local|169.254/16|*.169.254/16"/>
    <property name="ftp.nonProxyHosts" value="local|*.local|169.254/16|*.169.254/16"/>
    <property name="sun.cpu.isalist" value=""/>
  </properties>
  <testcase time="0.002" classname="com.gapelia.core.AppTest" name="testApp"/>
</testsuite>